0 info it worked if it ends with ok
1 verbose cli [ '/usr/bin/node', '/usr/bin/npm', 'start' ]
2 info using npm@3.5.2
3 info using node@v8.10.0
4 verbose run-script [ 'prestart', 'start', 'poststart' ]
5 info lifecycle google@1.0.0~prestart: google@1.0.0
6 silly lifecycle google@1.0.0~prestart: no script for prestart, continuing
7 info lifecycle google@1.0.0~start: google@1.0.0
8 verbose lifecycle google@1.0.0~start: unsafe-perm in lifecycle true
9 verbose lifecycle google@1.0.0~start: PATH: /usr/share/npm/bin/node-gyp-bin:/home/felipej/google/node_modules/.bin:/home/felipej/.vscode-server/bin/622cb03f7e070a9670c94bae1a45d78d7181fbd4/bin:/usr/local/sbin:/usr/local/bin:/usr/sbin:/usr/bin:/sbin:/bin:/usr/games:/usr/local/games:/mnt/c/Program Files/Common Files/Oracle/Java/javapath:/mnt/c/WINDOWS/system32:/mnt/c/WINDOWS:/mnt/c/WINDOWS/System32/Wbem:/mnt/c/WINDOWS/System32/WindowsPowerShell/v1.0/:/mnt/c/WINDOWS/System32/OpenSSH/:/mnt/d/Programas/Git/cmd:/mnt/c/Program Files/Amazon/AWSCLIV2/:/mnt/c/oracle/instantclient_19_6:/mnt/d/Programas/Putty/:/mnt/d/Programas/:/mnt/c/Users/57301/AppData/Local/Microsoft/WindowsApps:/mnt/c/Users/57301/AppData/Local/Programs/Microsoft VS Code/bin:/mnt/c/oracle/instantclient_19_6:/mnt/c/Users/57301/AppData/Roaming/npm:/mnt/d/Programas/heroku/bin:/snap/bin
10 verbose lifecycle google@1.0.0~start: CWD: /home/felipej/google
11 silly lifecycle google@1.0.0~start: Args: [ '-c', 'node app.js' ]
12 silly lifecycle google@1.0.0~start: Returned: code: 1  signal: null
13 info lifecycle google@1.0.0~start: Failed to exec start script
14 verbose stack Error: google@1.0.0 start: `node app.js`
14 verbose stack Exit status 1
14 verbose stack     at EventEmitter.<anonymous> (/usr/share/npm/lib/utils/lifecycle.js:232:16)
14 verbose stack     at emitTwo (events.js:126:13)
14 verbose stack     at EventEmitter.emit (events.js:214:7)
14 verbose stack     at ChildProcess.<anonymous> (/usr/share/npm/lib/utils/spawn.js:24:14)
14 verbose stack     at emitTwo (events.js:126:13)
14 verbose stack     at ChildProcess.emit (events.js:214:7)
14 verbose stack     at maybeClose (internal/child_process.js:925:16)
14 verbose stack     at Process.ChildProcess._handle.onexit (internal/child_process.js:209:5)
15 verbose pkgid google@1.0.0
16 verbose cwd /home/felipej/google
17 error Linux 4.4.0-19041-Microsoft
18 error argv "/usr/bin/node" "/usr/bin/npm" "start"
19 error node v8.10.0
20 error npm  v3.5.2
21 error code ELIFECYCLE
22 error google@1.0.0 start: `node app.js`
22 error Exit status 1
23 error Failed at the google@1.0.0 start script 'node app.js'.
23 error Make sure you have the latest version of node.js and npm installed.
23 error If you do, this is most likely a problem with the google package,
23 error not with npm itself.
23 error Tell the author that this fails on your system:
23 error     node app.js
23 error You can get information on how to open an issue for this project with:
23 error     npm bugs google
23 error Or if that isn't available, you can get their info via:
23 error     npm owner ls google
23 error There is likely additional logging output above.
24 verbose exit [ 1, true ]
